<?xml version="1.0" encoding="UTF-8"?>
<!-- Generated by org.testng.reporters.JUnitReportReporter -->
<testsuite hostname="DESKTOP-4KQDL37" failures="0" tests="1" name="com.theiva.qa.testcases.LoginTest" time="34.148" errors="0" timestamp="2021-06-19T17:23:58 IST" skipped="0">
  <testcase classname="com.theiva.qa.testcases.LoginTest" name="successfulLogin" time="34.148"/>
  <system-out/>
</testsuite> <!-- com.theiva.qa.testcases.LoginTest -->
